12 Aug, 2020 8:04:25 PM => INFO : EU_Replica_1 - UDP server has been started and running.
12 Aug, 2020 8:05:28 PM => INFO : UDP GET_STATUS request has been received from NA_Replica_1 Server.
12 Aug, 2020 8:05:28 PM => INFO : UDP GET_STATUS response has been sent to NA_Replica_1 Server.
12 Aug, 2020 8:09:13 PM => INFO : UDP GET_STATUS request has been received from AS_Replica_1 Server.
12 Aug, 2020 8:09:13 PM => INFO : UDP GET_STATUS response has been sent to AS_Replica_1 Server.
12 Aug, 2020 8:10:48 PM => INFO : UDP CREATE PLAYERACCOUNT request has been received from FrontEnd Server.
12 Aug, 2020 8:10:48 PM => INFO : UDP CREATE PLAYERACCOUNT request has been sent to EU_Replica_3 Server.
12 Aug, 2020 8:10:48 PM => INFO : UDP CREATE PLAYERACCOUNT request has been sent to EU_Replica_2 Server.
12 Aug, 2020 8:10:48 PM => INFO : UDP CREATE PLAYERACCOUNT response has been received from EU_Replica_2 Server.
12 Aug, 2020 8:10:48 PM => INFO : UDP CREATE PLAYERACCOUNT response has been received from EU_Replica_3 Server.
12 Aug, 2020 8:10:48 PM => ERROR : ===== BYZANTINE ERROR OCCURED AT REPLICA 3 =====
12 Aug, 2020 8:10:48 PM => INFO : UDP CREATE PLAYERACCOUNT response has been sent to FrontEnd Server.
12 Aug, 2020 8:15:48 PM => INFO : UDP PLAYER SIGNIN request has been received from FrontEnd Server.
12 Aug, 2020 8:15:48 PM => INFO : UDP PLAYER SIGNIN request has been sent to EU_Replica_3 Server.
12 Aug, 2020 8:15:48 PM => INFO : UDP PLAYER SIGNIN request has been sent to EU_Replica_2 Server.
12 Aug, 2020 8:15:48 PM => INFO : UDP PLAYER SIGNIN response has been received from EU_Replica_2 Server.
12 Aug, 2020 8:15:48 PM => INFO : UDP PLAYER SIGNIN response has been received from EU_Replica_3 Server.
12 Aug, 2020 8:15:48 PM => INFO : UDP PLAYER SIGNIN response has been sent to FrontEnd Server.
12 Aug, 2020 8:16:48 PM => INFO : UDP GET STATUS request has been received from FrontEnd Server.
12 Aug, 2020 8:16:48 PM => INFO : UDP GET STATUS request has been sent to EU_Replica_2 Server.
12 Aug, 2020 8:16:48 PM => INFO : UDP GET STATUS request has been sent to EU_Replica_3 Server.
12 Aug, 2020 8:16:48 PM => INFO : UDP GET STATUS response has been received from EU_Replica_2 Server.
12 Aug, 2020 8:16:48 PM => INFO : UDP GET STATUS response has been received from EU_Replica_3 Server.
12 Aug, 2020 8:16:48 PM => INFO : UDP GET STATUS response has been sent to FrontEnd Server.
12 Aug, 2020 8:18:07 PM => INFO : UDP PLAYER SIGNIN request has been received from FrontEnd Server.
12 Aug, 2020 8:18:07 PM => INFO : UDP PLAYER SIGNIN request has been sent to EU_Replica_2 Server.
12 Aug, 2020 8:18:07 PM => INFO : UDP PLAYER SIGNIN request has been sent to EU_Replica_3 Server.
12 Aug, 2020 8:18:07 PM => INFO : UDP PLAYER SIGNIN response has been received from EU_Replica_3 Server.
12 Aug, 2020 8:18:07 PM => INFO : UDP PLAYER SIGNIN response has been received from EU_Replica_2 Server.
12 Aug, 2020 8:18:07 PM => INFO : UDP PLAYER SIGNIN response has been sent to FrontEnd Server.
12 Aug, 2020 8:20:19 PM => INFO : UDP PLAYER SINGOUT request has been received from FrontEnd Server.
12 Aug, 2020 8:20:19 PM => INFO : UDP PLAYER SINGOUT request has been sent to EU_Replica_2 Server.
12 Aug, 2020 8:20:19 PM => INFO : UDP PLAYER SINGOUT request has been sent to EU_Replica_3 Server.
12 Aug, 2020 8:20:19 PM => INFO : UDP PLAYER SINGOUT response has been received from EU_Replica_3 Server.
12 Aug, 2020 8:20:19 PM => INFO : UDP PLAYER SINGOUT response has been received from EU_Replica_2 Server.
12 Aug, 2020 8:20:19 PM => INFO : UDP PLAYER SINGOUT response has been sent to FrontEnd Server.
12 Aug, 2020 8:25:21 PM => INFO : UDP TRANSFER ACCOUNT request has been received from FrontEnd Server.
12 Aug, 2020 8:25:21 PM => INFO : UDP TRANSFER ACCOUNT request has been sent to EU_Replica_2 Server.
12 Aug, 2020 8:25:21 PM => INFO : UDP TRANSFER ACCOUNT request has been sent to EU_Replica_3 Server.
12 Aug, 2020 8:25:21 PM => INFO : UDP TRANSFER ACCOUNT response has been received from EU_Replica_2 Server.
12 Aug, 2020 8:25:21 PM => INFO : UDP TRANSFER ACCOUNT response has been received from EU_Replica_3 Server.
12 Aug, 2020 8:25:21 PM => INFO : UDP TRANSFER ACCOUNT response has been sent to FrontEnd Server.
12 Aug, 2020 8:27:50 PM => INFO : UDP GET_STATUS request has been received from NA_Replica_1 Server.
12 Aug, 2020 8:27:50 PM => INFO : UDP GET_STATUS response has been sent to NA_Replica_1 Server.
12 Aug, 2020 8:31:55 PM => INFO : UDP GET_STATUS request has been received from NA_Replica_1 Server.
12 Aug, 2020 8:31:55 PM => INFO : UDP GET_STATUS response has been sent to NA_Replica_1 Server.
12 Aug, 2020 8:34:20 PM => INFO : UDP GET_STATUS request has been received from NA_Replica_1 Server.
12 Aug, 2020 8:34:20 PM => INFO : UDP GET_STATUS response has been sent to NA_Replica_1 Server.
12 Aug, 2020 8:34:20 PM => INFO : UDP GET_STATUS request has been received from NA_Replica_1 Server.
12 Aug, 2020 8:34:20 PM => INFO : UDP GET_STATUS response has been sent to NA_Replica_1 Server.
12 Aug, 2020 8:34:20 PM => INFO : UDP GET_STATUS request has been received from NA_Replica_1 Server.
12 Aug, 2020 8:34:20 PM => INFO : UDP GET_STATUS response has been sent to NA_Replica_1 Server.
12 Aug, 2020 8:34:25 PM => INFO : UDP GET STATUS request has been received from FrontEnd Server.
12 Aug, 2020 8:34:25 PM => INFO : UDP GET STATUS request has been sent to EU_Replica_3 Server.
12 Aug, 2020 8:34:25 PM => INFO : UDP GET STATUS request has been sent to EU_Replica_2 Server.
12 Aug, 2020 8:34:25 PM => INFO : UDP GET STATUS response has been received from EU_Replica_3 Server.
12 Aug, 2020 8:34:25 PM => INFO : UDP GET STATUS response has been received from EU_Replica_2 Server.
12 Aug, 2020 8:34:25 PM => INFO : UDP GET STATUS response has been sent to FrontEnd Server.
